0 info it worked if it ends with ok
1 verbose cli [ '/usr/bin/nodejs', '/usr/bin/npm', 'install', '-g', 'bower' ]
2 info using npm@3.10.8
3 info using node@v6.9.1
4 silly loadCurrentTree Starting
5 silly install loadCurrentTree
6 silly install readGlobalPackageData
7 silly fetchPackageMetaData bower
8 silly fetchNamedPackageData bower
9 silly mapToRegistry name bower
10 silly mapToRegistry using default registry
11 silly mapToRegistry registry https://registry.npmjs.org/
12 silly mapToRegistry data Result {
12 silly mapToRegistry   raw: 'bower',
12 silly mapToRegistry   scope: null,
12 silly mapToRegistry   escapedName: 'bower',
12 silly mapToRegistry   name: 'bower',
12 silly mapToRegistry   rawSpec: '',
12 silly mapToRegistry   spec: 'latest',
12 silly mapToRegistry   type: 'tag' }
13 silly mapToRegistry uri https://registry.npmjs.org/bower
14 verbose request uri https://registry.npmjs.org/bower
15 verbose request no auth needed
16 info attempt registry request try #1 at 11:11:13 AM
17 verbose request id 2d7e2cc86adaace3
18 http request GET https://registry.npmjs.org/bower
19 http 200 https://registry.npmjs.org/bower
20 verbose headers { server: 'nginx/1.10.1',
20 verbose headers   'content-type': 'application/json',
20 verbose headers   'last-modified': 'Tue, 06 Dec 2016 07:01:26 GMT',
20 verbose headers   etag: 'W/"58466246-2ac06"',
20 verbose headers   'content-encoding': 'gzip',
20 verbose headers   'cache-control': 'max-age=300',
20 verbose headers   'content-length': '16291',
20 verbose headers   'accept-ranges': 'bytes',
20 verbose headers   date: 'Wed, 07 Dec 2016 03:11:17 GMT',
20 verbose headers   via: '1.1 varnish',
20 verbose headers   age: '53',
20 verbose headers   connection: 'keep-alive',
20 verbose headers   'x-served-by': 'cache-itm7421-ITM',
20 verbose headers   'x-cache': 'HIT',
20 verbose headers   'x-cache-hits': '34',
20 verbose headers   'x-timer': 'S1481080277.019928,VS0,VE0',
20 verbose headers   vary: 'Accept-Encoding' }
21 silly get cb [ 200,
21 silly get   { server: 'nginx/1.10.1',
21 silly get     'content-type': 'application/json',
21 silly get     'last-modified': 'Tue, 06 Dec 2016 07:01:26 GMT',
21 silly get     etag: 'W/"58466246-2ac06"',
21 silly get     'content-encoding': 'gzip',
21 silly get     'cache-control': 'max-age=300',
21 silly get     'content-length': '16291',
21 silly get     'accept-ranges': 'bytes',
21 silly get     date: 'Wed, 07 Dec 2016 03:11:17 GMT',
21 silly get     via: '1.1 varnish',
21 silly get     age: '53',
21 silly get     connection: 'keep-alive',
21 silly get     'x-served-by': 'cache-itm7421-ITM',
21 silly get     'x-cache': 'HIT',
21 silly get     'x-cache-hits': '34',
21 silly get     'x-timer': 'S1481080277.019928,VS0,VE0',
21 silly get     vary: 'Accept-Encoding' } ]
22 verbose get saving bower to /home/alex/.npm/registry.npmjs.org/bower/.cache.json
23 verbose correctMkdir /home/alex/.npm correctMkdir not in flight; initializing
24 silly install normalizeTree
25 silly loadCurrentTree Finishing
26 silly loadIdealTree Starting
27 silly install loadIdealTree
28 silly cloneCurrentTree Starting
29 silly install cloneCurrentTreeToIdealTree
30 silly cloneCurrentTree Finishing
31 silly loadShrinkwrap Starting
32 silly install loadShrinkwrap
33 silly loadShrinkwrap Finishing
34 silly loadAllDepsIntoIdealTree Starting
35 silly install loadAllDepsIntoIdealTree
36 silly resolveWithNewModule bower@1.8.0 checking installable status
37 silly cache add args [ 'bower', null ]
38 verbose cache add spec bower
39 silly cache add parsed spec Result {
39 silly cache add   raw: 'bower',
39 silly cache add   scope: null,
39 silly cache add   escapedName: 'bower',
39 silly cache add   name: 'bower',
39 silly cache add   rawSpec: '',
39 silly cache add   spec: 'latest',
39 silly cache add   type: 'tag' }
40 silly addNamed bower@latest
41 verbose addNamed "latest" is being treated as a dist-tag for bower
42 info addNameTag [ 'bower', 'latest' ]
43 silly mapToRegistry name bower
44 silly mapToRegistry using default registry
45 silly mapToRegistry registry https://registry.npmjs.org/
46 silly mapToRegistry data Result {
46 silly mapToRegistry   raw: 'bower',
46 silly mapToRegistry   scope: null,
46 silly mapToRegistry   escapedName: 'bower',
46 silly mapToRegistry   name: 'bower',
46 silly mapToRegistry   rawSpec: '',
46 silly mapToRegistry   spec: 'latest',
46 silly mapToRegistry   type: 'tag' }
47 silly mapToRegistry uri https://registry.npmjs.org/bower
48 verbose addNameTag registry:https://registry.npmjs.org/bower not in flight; fetching
49 verbose get https://registry.npmjs.org/bower not expired, no request
50 silly addNameTag next cb for bower with tag latest
51 silly addNamed bower@1.8.0
52 verbose addNamed "1.8.0" is a plain semver version for bower
53 silly mapToRegistry name bower
54 silly mapToRegistry using default registry
55 silly mapToRegistry registry https://registry.npmjs.org/
56 silly mapToRegistry data Result {
56 silly mapToRegistry   raw: 'bower',
56 silly mapToRegistry   scope: null,
56 silly mapToRegistry   escapedName: 'bower',
56 silly mapToRegistry   name: 'bower',
56 silly mapToRegistry   rawSpec: '',
56 silly mapToRegistry   spec: 'latest',
56 silly mapToRegistry   type: 'tag' }
57 silly mapToRegistry uri https://registry.npmjs.org/bower
58 verbose addRemoteTarball https://registry.npmjs.org/bower/-/bower-1.8.0.tgz not in flight; adding
59 verbose addRemoteTarball [ 'https://registry.npmjs.org/bower/-/bower-1.8.0.tgz',
59 verbose addRemoteTarball   '55dbebef0ad9155382d9e9d3e497c1372345b44a' ]
60 info retry fetch attempt 1 at 11:11:15 AM
61 info attempt registry request try #1 at 11:11:15 AM
62 http fetch GET https://registry.npmjs.org/bower/-/bower-1.8.0.tgz
63 http fetch 200 https://registry.npmjs.org/bower/-/bower-1.8.0.tgz
64 silly fetchAndShaCheck shasum 55dbebef0ad9155382d9e9d3e497c1372345b44a
65 silly rollbackFailedOptional Starting
66 silly rollbackFailedOptional Finishing
67 silly runTopLevelLifecycles Finishing
68 silly install printInstalled
69 verbose stack Error: shasum check failed for /tmp/npm-2868-56adb45e/registry.npmjs.org/bower/-/bower-1.8.0.tgz
69 verbose stack Expected: 55dbebef0ad9155382d9e9d3e497c1372345b44a
69 verbose stack Actual:   e634d85b9ada7aeb43104273c436995b16510778
69 verbose stack From:     https://registry.npmjs.org/bower/-/bower-1.8.0.tgz
69 verbose stack     at /usr/lib/node_modules/npm/node_modules/sha/index.js:25:8
69 verbose stack     at ReadStream.<anonymous> (/usr/lib/node_modules/npm/node_modules/sha/index.js:72:7)
69 verbose stack     at emitNone (events.js:91:20)
69 verbose stack     at ReadStream.emit (events.js:185:7)
69 verbose stack     at endReadableNT (_stream_readable.js:974:12)
69 verbose stack     at _combinedTickCallback (internal/process/next_tick.js:74:11)
69 verbose stack     at process._tickCallback (internal/process/next_tick.js:98:9)
70 verbose cwd /home/alex/project/Signup-Login
71 error Linux 4.8.0-28-generic
72 error argv "/usr/bin/nodejs" "/usr/bin/npm" "install" "-g" "bower"
73 error node v6.9.1
74 error npm  v3.10.8
75 error shasum check failed for /tmp/npm-2868-56adb45e/registry.npmjs.org/bower/-/bower-1.8.0.tgz
75 error Expected: 55dbebef0ad9155382d9e9d3e497c1372345b44a
75 error Actual:   e634d85b9ada7aeb43104273c436995b16510778
75 error From:     https://registry.npmjs.org/bower/-/bower-1.8.0.tgz
76 error If you need help, you may report this error at:
76 error     <https://github.com/npm/npm/issues>
77 verbose exit [ 1, true ]
